<?xml version="1.0" encoding="UTF-8"?>
<!-- Generated by org.testng.reporters.JUnitReportReporter -->
<testsuite hostname="LAPTOP-HAJ4SDEA" failures="0" tests="6" name="TestNG.SampleTc" time="0.015" errors="0" timestamp="2023-01-21T10:28:27 IST" skipped="0">
  <testcase classname="TestNG.SampleTc" name="loginstatus" time="0.003"/>
  <system-out/>
  <testcase classname="TestNG.SampleTc" name="testmethod2" time="0.001"/>
  <system-out/>
  <testcase classname="TestNG.SampleTc" name="logoutstatus" time="0.003"/>
  <system-out/>
  <testcase classname="TestNG.SampleTc" name="login" time="0.005"/>
  <system-out/>
  <testcase classname="TestNG.SampleTc" name="testmethod1" time="0.001"/>
  <system-out/>
  <testcase classname="TestNG.SampleTc" name="Register" time="0.002"/>
  <system-out/>
</testsuite> <!-- TestNG.SampleTc -->
