<?xml version="1.0" encoding="UTF-8"?>
<!-- Generated by org.testng.reporters.JUnitReportReporter -->
<testsuite hostname="LAPTOP-HAJ4SDEA" failures="0" tests="1" name="WorkingwithJSE.Scrollpage" time="6.026" errors="0" timestamp="2023-02-16T11:22:50 IST" skipped="0">
  <testcase classname="WorkingwithJSE.Scrollpage" name="Operation" time="6.026"/>
  <system-out/>
</testsuite> <!-- WorkingwithJSE.Scrollpage -->
