<?xml version="1.0" encoding="UTF-8"?>
<!-- Generated by org.testng.reporters.JUnitReportReporter -->
<testsuite hostname="LAPTOP-HAJ4SDEA" failures="0" tests="4" name="TestNG.TestNGPriorityAnnotation" time="0.009" errors="0" timestamp="2023-01-12T12:14:24 IST" skipped="1">
  <testcase classname="TestNG.TestNGPriorityAnnotation" name="test" time="0.007"/>
  <system-out/>
  <testcase classname="TestNG.TestNGPriorityAnnotation" name="test2" time="0.001"/>
  <system-out/>
  <testcase classname="TestNG.TestNGPriorityAnnotation" name="loginstatus" time="0.001"/>
  <system-out/>
  <testcase classname="TestNG.TestNGPriorityAnnotation" name="logout">
    <skipped/>
  </testcase> <!-- logout -->
  <system-out/>
</testsuite> <!-- TestNG.TestNGPriorityAnnotation -->
