<?xml version="1.0" encoding="UTF-8"?>
<!-- Generated by org.testng.reporters.JUnitReportReporter -->
<testsuite hostname="LAPTOP-HAJ4SDEA" failures="0" tests="1" name="AdvancedUserInteractions.Mouserightclick" time="3.185" errors="0" timestamp="2023-01-26T10:43:23 IST" skipped="0">
  <testcase classname="AdvancedUserInteractions.Mouserightclick" name="Login" time="3.185"/>
  <system-out/>
</testsuite> <!-- AdvancedUserInteractions.Mouserightclick -->
