<?xml version="1.0" encoding="UTF-8"?>
<!-- Generated by org.testng.reporters.JUnitReportReporter -->
<testsuite hostname="LAPTOP-HAJ4SDEA" failures="0" tests="1" name="Alerts.Alertwithok" time="3.126" errors="0" timestamp="2023-01-27T22:22:53 IST" skipped="0">
  <testcase classname="Alerts.Alertwithok" name="Operation" time="3.126"/>
  <system-out/>
</testsuite> <!-- Alerts.Alertwithok -->
