<?xml version="1.0" encoding="UTF-8"?>
<!-- Generated by org.testng.reporters.JUnitReportReporter -->
<testsuite hostname="LAPTOP-HAJ4SDEA" failures="0" tests="2" name="TestNG.Demo1" time="0.009" errors="0" timestamp="2023-01-20T21:45:01 IST" skipped="0">
  <testcase classname="TestNG.Demo1" name="f" time="0.002"/>
  <system-out/>
  <testcase classname="TestNG.Demo1" name="f" time="0.007"/>
  <system-out/>
</testsuite> <!-- TestNG.Demo1 -->
