<?xml version="1.0" encoding="UTF-8"?>
<!-- Generated by org.testng.reporters.JUnitReportReporter -->
<testsuite hostname="LAPTOP-HAJ4SDEA" failures="0" tests="1" name="AdvancedUserInteractions.Mousemove" time="3.039" errors="0" timestamp="2023-01-26T23:19:20 IST" skipped="0">
  <testcase classname="AdvancedUserInteractions.Mousemove" name="operation" time="3.039"/>
  <system-out/>
</testsuite> <!-- AdvancedUserInteractions.Mousemove -->
