<?xml version="1.0" encoding="UTF-8"?>
<!-- Generated by org.testng.reporters.JUnitReportReporter -->
<testsuite hostname="LAPTOP-HAJ4SDEA" failures="0" tests="1" name="TestNG.TestNGdemo" time="0.006" errors="0" timestamp="2023-01-11T23:41:39 IST" skipped="0">
  <testcase classname="TestNG.TestNGdemo" name="testMethod1" time="0.006"/>
  <system-out/>
</testsuite> <!-- TestNG.TestNGdemo -->
