<?xml version="1.0" encoding="UTF-8"?>
<!-- Generated by org.testng.reporters.JUnitReportReporter -->
<testsuite hostname="LAPTOP-HAJ4SDEA" failures="0" tests="1" name="AdvancedUserInteractions.Draganddroppable" time="3.345" errors="0" timestamp="2023-01-26T23:05:03 IST" skipped="0">
  <testcase classname="AdvancedUserInteractions.Draganddroppable" name="operation" time="3.345"/>
  <system-out/>
</testsuite> <!-- AdvancedUserInteractions.Draganddroppable -->
