<?xml version="1.0" encoding="UTF-8"?>
<!-- Generated by org.testng.reporters.JUnitReportReporter -->
<testsuite hostname="LAPTOP-HAJ4SDEA" failures="0" tests="1" name="WorkingwithWindowElements.downloadfileusingrobot" time="6.117" errors="0" timestamp="2023-02-01T16:07:00 IST" skipped="0">
  <testcase classname="WorkingwithWindowElements.downloadfileusingrobot" name="operation" time="6.117"/>
  <system-out/>
</testsuite> <!-- WorkingwithWindowElements.downloadfileusingrobot -->
