<?xml version="1.0" encoding="UTF-8"?>
<!-- Generated by org.testng.reporters.JUnitReportReporter -->
<testsuite hostname="LAPTOP-HAJ4SDEA" failures="0" tests="1" name="AdvancedUserInteractions.DragandDropByDemo" time="3.483" errors="0" timestamp="2023-01-26T21:50:38 IST" skipped="0">
  <testcase classname="AdvancedUserInteractions.DragandDropByDemo" name="Operation" time="3.483"/>
  <system-out/>
</testsuite> <!-- AdvancedUserInteractions.DragandDropByDemo -->
