<?xml version="1.0" encoding="UTF-8"?>
<!-- Generated by org.testng.reporters.JUnitReportReporter -->
<testsuite hostname="LAPTOP-HAJ4SDEA" failures="0" tests="1" name="Alerts.Alertwithokandcancel" time="3.150" errors="0" timestamp="2023-01-27T22:39:22 IST" skipped="0">
  <testcase classname="Alerts.Alertwithokandcancel" name="operation" time="3.150"/>
  <system-out/>
</testsuite> <!-- Alerts.Alertwithokandcancel -->
