<?xml version="1.0" encoding="UTF-8"?>
<!-- Generated by org.testng.reporters.JUnitReportReporter -->
<testsuite hostname="LAPTOP-HAJ4SDEA" failures="0" tests="1" name="Tables.Dynamicwebtable" time="4.205" errors="0" timestamp="2023-02-01T15:26:29 IST" skipped="0">
  <testcase classname="Tables.Dynamicwebtable" name="Operation" time="4.205"/>
  <system-out/>
</testsuite> <!-- Tables.Dynamicwebtable -->
