<?xml version="1.0" encoding="UTF-8"?>
<!-- Generated by org.testng.reporters.JUnitReportReporter -->
<testsuite hostname="LAPTOP-HAJ4SDEA" failures="0" tests="1" name="Alerts.AlertwithTextbox" time="3.150" errors="0" timestamp="2023-01-27T22:52:00 IST" skipped="0">
  <testcase classname="Alerts.AlertwithTextbox" name="Operation" time="3.150"/>
  <system-out/>
</testsuite> <!-- Alerts.AlertwithTextbox -->
